#
# There is insufficient memory for the Java Runtime Environment to continue.
# Native memory allocation (malloc) failed to allocate 1048576 bytes for AllocateHeap
# Possible reasons:
#   The system is out of physical RAM or swap space
#   In 32 bit mode, the process size limit was hit
# Possible solutions:
#   Reduce memory load on the system
#   Increase physical memory or swap space
#   Check if swap backing store is full
#   Use 64 bit Java on a 64 bit OS
#   Decrease Java heap size (-Xmx/-Xms)
#   Decrease number of Java threads
#   Decrease Java thread stack sizes (-Xss)
#   Set larger code cache with -XX:ReservedCodeCacheSize=
# This output file may be truncated or incomplete.
#
#  Out of Memory Error (memory/allocation.inline.hpp:61), pid=20512, tid=0x0000000000004d70
#
# JRE version:  (8.0) (build )
# Java VM: OpenJDK 64-Bit Server VM (25.71-b00 mixed mode windows-amd64 compressed oops)
# Failed to write core dump. Minidumps are not enabled by default on client versions of Windows
#

---------------  T H R E A D  ---------------

Current thread (0x0000000002582800):  JavaThread "Unknown thread" [_thread_in_vm, id=19824, stack(0x0000000002480000,0x0000000002580000)]

Stack: [0x0000000002480000,0x0000000002580000]
[error occurred during error reporting (printing stack bounds), id 0xc0000005]

Native frames: (J=compiled Java code, j=interpreted, Vv=VM code, C=native code)


---------------  P R O C E S S  ---------------

Java Threads: ( => current thread )

Other Threads:

=>0x0000000002582800 (exited) JavaThread "Unknown thread" [_thread_in_vm, id=19824, stack(0x0000000002480000,0x0000000002580000)]

VM state:not at safepoint (normal execution)

VM Mutex/Monitor currently owned by a thread: None

Heap:
 PSYoungGen      total 76288K, used 1310K [0x000000076b400000, 0x0000000770900000, 0x00000007c0000000)
  eden space 65536K, 2% used [0x000000076b400000,0x000000076b547af0,0x000000076f400000)
  from space 10752K, 0% used [0x000000076fe80000,0x000000076fe80000,0x0000000770900000)
  to   space 10752K, 0% used [0x000000076f400000,0x000000076f400000,0x000000076fe80000)
 ParOldGen       total 175104K, used 0K [0x00000006c1c00000, 0x00000006cc700000, 0x000000076b400000)
  object space 175104K, 0% used [0x00000006c1c00000,0x00000006c1c00000,0x00000006cc700000)
 Metaspace       used 777K, capacity 4480K, committed 4480K, reserved 1056768K
  class space    used 74K, capacity 384K, committed 384K, reserved 1048576K

Card table byte_map: [0x0000000011a40000,0x0000000012240000] byte_map_base: 0x000000000e432000

Marking Bits: (ParMarkBitMap*) 0x00000000619fbe50
 Begin Bits: [0x0000000012f90000, 0x0000000016f20000)
 End Bits:   [0x0000000016f20000, 0x000000001aeb0000)

Polling page: 0x0000000000610000

CodeCache: size=245760Kb used=328Kb max_used=328Kb free=245431Kb
 bounds [0x0000000002680000, 0x00000000028f0000, 0x0000000011680000]
 total_blobs=57 nmethods=0 adapters=38
 compilation: enabled

Compilation events (0 events):
No events

GC Heap History (0 events):
No events

Deoptimization events (0 events):
No events

Classes redefined (0 events):
No events

Internal exceptions (0 events):
No events

Events (10 events):
Event: 0.091 loading class java/lang/Short
Event: 0.091 loading class java/lang/Short done
Event: 0.091 loading class java/lang/Integer
Event: 0.092 loading class java/lang/Integer done
Event: 0.092 loading class java/lang/Long
Event: 0.092 loading class java/lang/Long done
Event: 0.093 loading class java/lang/NullPointerException
Event: 0.093 loading class java/lang/NullPointerException done
Event: 0.093 loading class java/lang/ArithmeticException
Event: 0.093 loading class java/lang/ArithmeticException done


Dynamic libraries:
0x00007ff6c0ef0000 - 0x00007ff6c0f25000 	C:\Program Files\Unity\Hub\Editor\2019.1.0f2\Editor\Data\PlaybackEngines\AndroidPlayer\Tools\OpenJDK\Windows\bin\java.exe
0x00007ffe95d20000 - 0x00007ffe95f0d000 	C:\WINDOWS\SYSTEM32\ntdll.dll
0x00007ffe959e0000 - 0x00007ffe95a93000 	C:\WINDOWS\System32\KERNEL32.DLL
0x00007ffe91f40000 - 0x00007ffe921d3000 	C:\WINDOWS\System32\KERNELBASE.dll
0x00007ffe95260000 - 0x00007ffe95303000 	C:\WINDOWS\System32\ADVAPI32.dll
0x00007ffe95320000 - 0x00007ffe953be000 	C:\WINDOWS\System32\msvcrt.dll
0x00007ffe95150000 - 0x00007ffe951ee000 	C:\WINDOWS\System32\sechost.dll
0x00007ffe95020000 - 0x00007ffe95142000 	C:\WINDOWS\System32\RPCRT4.dll
0x00007ffe953c0000 - 0x00007ffe95557000 	C:\WINDOWS\System32\USER32.dll
0x00007ffe92de0000 - 0x00007ffe92e00000 	C:\WINDOWS\System32\win32u.dll
0x00007ffe95230000 - 0x00007ffe95259000 	C:\WINDOWS\System32\GDI32.dll
0x00007ffe923c0000 - 0x00007ffe92559000 	C:\WINDOWS\System32\gdi32full.dll
0x00007ffe91ea0000 - 0x00007ffe91f40000 	C:\WINDOWS\System32\msvcp_win.dll
0x00007ffe92560000 - 0x00007ffe9265a000 	C:\WINDOWS\System32\ucrtbase.dll
0x00007ffe7cd70000 - 0x00007ffe7cfe9000 	C:\WINDOWS\WinSxS\amd64_microsoft.windows.common-controls_6595b64144ccf1df_6.0.17763.615_none_05b4414a072024d4\COMCTL32.dll
0x00007ffe933f0000 - 0x00007ffe9371c000 	C:\WINDOWS\System32\combase.dll
0x00007ffe92e50000 - 0x00007ffe92ece000 	C:\WINDOWS\System32\bcryptPrimitives.dll
0x00007ffe951f0000 - 0x00007ffe9521e000 	C:\WINDOWS\System32\IMM32.DLL
0x0000000061a80000 - 0x0000000061b52000 	C:\Program Files\Unity\Hub\Editor\2019.1.0f2\Editor\Data\PlaybackEngines\AndroidPlayer\Tools\OpenJDK\Windows\jre\bin\msvcr100.dll
0x0000000061230000 - 0x0000000061a79000 	C:\Program Files\Unity\Hub\Editor\2019.1.0f2\Editor\Data\PlaybackEngines\AndroidPlayer\Tools\OpenJDK\Windows\jre\bin\server\jvm.dll
0x00007ffe93250000 - 0x00007ffe93258000 	C:\WINDOWS\System32\PSAPI.DLL
0x00007ffe7f1b0000 - 0x00007ffe7f1b9000 	C:\WINDOWS\SYSTEM32\WSOCK32.dll
0x00007ffe81c60000 - 0x00007ffe81c84000 	C:\WINDOWS\SYSTEM32\WINMM.dll
0x00007ffe8d6e0000 - 0x00007ffe8d6ea000 	C:\WINDOWS\SYSTEM32\VERSION.dll
0x00007ffe81c30000 - 0x00007ffe81c5d000 	C:\WINDOWS\SYSTEM32\WINMMBASE.dll
0x00007ffe92e00000 - 0x00007ffe92e4a000 	C:\WINDOWS\System32\cfgmgr32.dll
0x00007ffe93960000 - 0x00007ffe939cd000 	C:\WINDOWS\System32\WS2_32.dll
0x00007ffe8de80000 - 0x00007ffe8de8f000 	C:\Program Files\Unity\Hub\Editor\2019.1.0f2\Editor\Data\PlaybackEngines\AndroidPlayer\Tools\OpenJDK\Windows\jre\bin\verify.dll
0x00007ffe83ec0000 - 0x00007ffe83ee9000 	C:\Program Files\Unity\Hub\Editor\2019.1.0f2\Editor\Data\PlaybackEngines\AndroidPlayer\Tools\OpenJDK\Windows\jre\bin\java.dll
0x00007ffe83f90000 - 0x00007ffe83fa6000 	C:\Program Files\Unity\Hub\Editor\2019.1.0f2\Editor\Data\PlaybackEngines\AndroidPlayer\Tools\OpenJDK\Windows\jre\bin\zip.dll

VM Arguments:
java_command: <unknown>
java_class_path (initial): .
Launcher Type: SUN_STANDARD

Environment Variables:
JAVA_HOME=C:\Program Files\Java\jdk1.8.0_201
USERNAME=MSI-PC
OS=Windows_NT
PROCESSOR_IDENTIFIER=Intel64 Family 6 Model 94 Stepping 3, GenuineIntel



---------------  S Y S T E M  ---------------

OS: Windows 10.0 , 64 bit Build 17763 (10.0.17763.475)

CPU:total 8 (initial active 8) (4 cores per cpu, 2 threads per core) family 6 model 94 stepping 3, cmov, cx8, fxsr, mmx, sse, sse2, sse3, ssse3, sse4.1, sse4.2, popcnt, avx, avx2, aes, clmul, erms, rtm, 3dnowpref, lzcnt, ht, tsc, tscinvbit, bmi1, bmi2, adx

Memory: 4k page, physical 16656124k(6850616k free), swap 17475324k(5624k free)

vm_info: OpenJDK 64-Bit Server VM (25.71-b00) for windows-amd64 JRE (1.8.0-adoptopenjdk-_2018_05_19_00_59-b00), built on May 19 2018 01:02:12 by "jenkins" with MS VC++ 10.0 (VS2010)

time: Wed Aug 07 07:18:23 2019
elapsed time: 0 seconds (0d 0h 0m 0s)

